-------------------------------------------------------------------------------
Test set: com.company.service.EmployeeServiceTest
-------------------------------------------------------------------------------
Tests run: 1, Failures: 0, Errors: 1, Skipped: 0, Time elapsed: 0.04 s <<< FAILURE! - in com.company.service.EmployeeServiceTest
test(com.company.service.EmployeeServiceTest)  Time elapsed: 0.002 s  <<< ERROR!
org.springframework.beans.factory.UnsatisfiedDependencyException: Error creating bean with name 'com.company.service.EmployeeServiceTest': Unsatisfied dependency expressed through field 'employeeService'; nested exception is org.springframework.beans.factory.NoSuchBeanDefinitionException: No qualifying bean of type 'com.company.service.EmployeeService' available: expected at least 1 bean which qualifies as autowire candidate. Dependency annotations: {@org.springframework.beans.factory.annotation.Autowired(required=true)}
Caused by: org.springframework.beans.factory.NoSuchBeanDefinitionException: No qualifying bean of type 'com.company.service.EmployeeService' available: expected at least 1 bean which qualifies as autowire candidate. Dependency annotations: {@org.springframework.beans.factory.annotation.Autowired(required=true)}

